[ 2015-10-11T00:00:01+08:00 ] 121.42.0.31 /js/fckeditor/editor/filemanager/connectors/asp/upload.asp?Command=FileUpload&Type=File&CurrentFolder=%2F
INFO: [ app_init ] --START--
INFO: Run Behavior\BuildLiteBehavior [ RunTime:0.000018s ]
INFO: [ app_init ] --END-- [ RunTime:0.000331s ]
ERR: 无法加载模块:Js

[ 2015-10-11T00:00:03+08:00 ] 121.42.0.31 /images/fckeditor/editor/filemanager/connectors/asp/upload.asp?Command=FileUpload&Type=File&CurrentFolder=%2F
INFO: [ app_init ] --START--
INFO: Run Behavior\BuildLiteBehavior [ RunTime:0.000017s ]
INFO: [ app_init ] --END-- [ RunTime:0.000533s ]
ERR: 无法加载模块:Images

[ 2015-10-11T00:00:05+08:00 ] 121.42.0.31 /lib/fckeditor/editor/filemanager/connectors/asp/upload.asp?Command=FileUpload&Type=File&CurrentFolder=%2F
INFO: [ app_init ] --START--
INFO: Run Behavior\BuildLiteBehavior [ RunTime:0.000018s ]
INFO: [ app_init ] --END-- [ RunTime:0.000368s ]
ERR: 无法加载模块:Lib

[ 2015-10-11T00:00:07+08:00 ] 121.42.0.31 /include/fckeditor/editor/filemanager/connectors/asp/upload.asp?Command=FileUpload&Type=File&CurrentFolder=%2F
INFO: [ app_init ] --START--
INFO: Run Behavior\BuildLiteBehavior [ RunTime:0.000017s ]
INFO: [ app_init ] --END-- [ RunTime:0.000337s ]
ERR: 无法加载模块:Include

[ 2015-10-11T00:00:09+08:00 ] 121.42.0.31 /plugins/fckeditor/editor/filemanager/connectors/asp/upload.asp?Command=FileUpload&Type=File&CurrentFolder=%2F
INFO: [ app_init ] --START--
INFO: Run Behavior\BuildLiteBehavior [ RunTime:0.000021s ]
INFO: [ app_init ] --END-- [ RunTime:0.000357s ]
ERR: 无法加载模块:Plugins

[ 2015-10-11T00:00:11+08:00 ] 121.42.0.31 /plugins/editor/fckeditor/editor/filemanager/connectors/asp/upload.asp?Command=FileUpload&Type=File&CurrentFolder=%2F
INFO: [ app_init ] --START--
INFO: Run Behavior\BuildLiteBehavior [ RunTime:0.000018s ]
INFO: [ app_init ] --END-- [ RunTime:0.000377s ]
ERR: 无法加载模块:Plugins

[ 2015-10-11T00:00:13+08:00 ] 121.42.0.31 /editor/fckeditor/editor/filemanager/connectors/asp/upload.asp?Command=FileUpload&Type=File&CurrentFolder=%2F
INFO: [ app_init ] --START--
INFO: Run Behavior\BuildLiteBehavior [ RunTime:0.000017s ]
INFO: [ app_init ] --END-- [ RunTime:0.000383s ]
ERR: 无法加载模块:Editor

[ 2015-10-11T00:00:15+08:00 ] 121.42.0.31 /editor/filemanager/connectors/asp/upload.asp?Command=FileUpload&Type=File&CurrentFolder=%2F
INFO: [ app_init ] --START--
INFO: Run Behavior\BuildLiteBehavior [ RunTime:0.000018s ]
INFO: [ app_init ] --END-- [ RunTime:0.000331s ]
ERR: 无法加载模块:Editor

[ 2015-10-11T00:00:17+08:00 ] 121.42.0.31 /fckeditor/editor/filemanager/connectors/aspx/upload.aspx?Command=FileUpload&Type=File&CurrentFolder=%2F
INFO: [ app_init ] --START--
INFO: Run Behavior\BuildLiteBehavior [ RunTime:0.000018s ]
INFO: [ app_init ] --END-- [ RunTime:0.000347s ]
ERR: 无法加载模块:Fckeditor

[ 2015-10-11T00:00:19+08:00 ] 121.42.0.31 /FCKeditor/editor/filemanager/connectors/aspx/upload.aspx?Command=FileUpload&Type=File&CurrentFolder=%2F
INFO: [ app_init ] --START--
INFO: Run Behavior\BuildLiteBehavior [ RunTime:0.000018s ]
INFO: [ app_init ] --END-- [ RunTime:0.000369s ]
ERR: 无法加载模块:FCKeditor

[ 2015-10-11T00:00:21+08:00 ] 121.42.0.31 /editor/editor/filemanager/connectors/aspx/upload.aspx?Command=FileUpload&Type=File&CurrentFolder=%2F
INFO: [ app_init ] --START--
INFO: Run Behavior\BuildLiteBehavior [ RunTime:0.000018s ]
INFO: [ app_init ] --END-- [ RunTime:0.000367s ]
ERR: 无法加载模块:Editor

[ 2015-10-11T00:00:23+08:00 ] 121.42.0.31 /fck/editor/filemanager/connectors/aspx/upload.aspx?Command=FileUpload&Type=File&CurrentFolder=%2F
INFO: [ app_init ] --START--
INFO: Run Behavior\BuildLiteBehavior [ RunTime:0.000017s ]
INFO: [ app_init ] --END-- [ RunTime:0.000334s ]
ERR: 无法加载模块:Fck

[ 2015-10-11T00:00:25+08:00 ] 121.42.0.31 /includes/fckeditor/editor/filemanager/connectors/aspx/upload.aspx?Command=FileUpload&Type=File&CurrentFolder=%2F
INFO: [ app_init ] --START--
INFO: Run Behavior\BuildLiteBehavior [ RunTime:0.000018s ]
INFO: [ app_init ] --END-- [ RunTime:0.000384s ]
ERR: 无法加载模块:Includes

[ 2015-10-11T00:00:27+08:00 ] 121.42.0.31 /admin/fckeditor/editor/filemanager/connectors/aspx/upload.aspx?Command=FileUpload&Type=File&CurrentFolder=%2F
INFO: [ app_init ] --START--
INFO: Run Behavior\BuildLiteBehavior [ RunTime:0.000018s ]
INFO: [ app_init ] --END-- [ RunTime:0.000358s ]
ERR: 无法加载模块:Admin

[ 2015-10-11T00:00:29+08:00 ] 121.42.0.31 /manage/fckeditor/editor/filemanager/connectors/aspx/upload.aspx?Command=FileUpload&Type=File&CurrentFolder=%2F
INFO: [ app_init ] --START--
INFO: Run Behavior\BuildLiteBehavior [ RunTime:0.000018s ]
INFO: [ app_init ] --END-- [ RunTime:0.000332s ]
ERR: 无法加载模块:Manage

[ 2015-10-11T00:00:31+08:00 ] 121.42.0.31 /system/fckeditor/editor/filemanager/connectors/aspx/upload.aspx?Command=FileUpload&Type=File&CurrentFolder=%2F
INFO: [ app_init ] --START--
INFO: Run Behavior\BuildLiteBehavior [ RunTime:0.000018s ]
INFO: [ app_init ] --END-- [ RunTime:0.000330s ]
ERR: 无法加载模块:System

[ 2015-10-11T00:00:33+08:00 ] 121.42.0.31 /sysadmin/fckeditor/editor/filemanager/connectors/aspx/upload.aspx?Command=FileUpload&Type=File&CurrentFolder=%2F
INFO: [ app_init ] --START--
INFO: Run Behavior\BuildLiteBehavior [ RunTime:0.000018s ]
INFO: [ app_init ] --END-- [ RunTime:0.000356s ]
ERR: 无法加载模块:Sysadmin

[ 2015-10-11T00:00:35+08:00 ] 121.42.0.31 /js/fckeditor/editor/filemanager/connectors/aspx/upload.aspx?Command=FileUpload&Type=File&CurrentFolder=%2F
INFO: [ app_init ] --START--
INFO: Run Behavior\BuildLiteBehavior [ RunTime:0.000021s ]
INFO: [ app_init ] --END-- [ RunTime:0.000388s ]
ERR: 无法加载模块:Js

[ 2015-10-11T00:00:37+08:00 ] 121.42.0.31 /images/fckeditor/editor/filemanager/connectors/aspx/upload.aspx?Command=FileUpload&Type=File&CurrentFolder=%2F
INFO: [ app_init ] --START--
INFO: Run Behavior\BuildLiteBehavior [ RunTime:0.000017s ]
INFO: [ app_init ] --END-- [ RunTime:0.000338s ]
ERR: 无法加载模块:Images

[ 2015-10-11T00:00:39+08:00 ] 121.42.0.31 /lib/fckeditor/editor/filemanager/connectors/aspx/upload.aspx?Command=FileUpload&Type=File&CurrentFolder=%2F
INFO: [ app_init ] --START--
INFO: Run Behavior\BuildLiteBehavior [ RunTime:0.000018s ]
INFO: [ app_init ] --END-- [ RunTime:0.000338s ]
ERR: 无法加载模块:Lib

[ 2015-10-11T00:00:41+08:00 ] 121.42.0.31 /include/fckeditor/editor/filemanager/connectors/aspx/upload.aspx?Command=FileUpload&Type=File&CurrentFolder=%2F
INFO: [ app_init ] --START--
INFO: Run Behavior\BuildLiteBehavior [ RunTime:0.000017s ]
INFO: [ app_init ] --END-- [ RunTime:0.000340s ]
ERR: 无法加载模块:Include

[ 2015-10-11T00:00:43+08:00 ] 121.42.0.31 /plugins/fckeditor/editor/filemanager/connectors/aspx/upload.aspx?Command=FileUpload&Type=File&CurrentFolder=%2F
INFO: [ app_init ] --START--
INFO: Run Behavior\BuildLiteBehavior [ RunTime:0.000017s ]
INFO: [ app_init ] --END-- [ RunTime:0.000329s ]
ERR: 无法加载模块:Plugins

[ 2015-10-11T00:00:45+08:00 ] 121.42.0.31 /plugins/editor/fckeditor/editor/filemanager/connectors/aspx/upload.aspx?Command=FileUpload&Type=File&CurrentFolder=%2F
INFO: [ app_init ] --START--
INFO: Run Behavior\BuildLiteBehavior [ RunTime:0.000018s ]
INFO: [ app_init ] --END-- [ RunTime:0.000334s ]
ERR: 无法加载模块:Plugins

[ 2015-10-11T00:00:47+08:00 ] 121.42.0.31 /editor/fckeditor/editor/filemanager/connectors/aspx/upload.aspx?Command=FileUpload&Type=File&CurrentFolder=%2F
INFO: [ app_init ] --START--
INFO: Run Behavior\BuildLiteBehavior [ RunTime:0.000026s ]
INFO: [ app_init ] --END-- [ RunTime:0.000375s ]
ERR: 无法加载模块:Editor

[ 2015-10-11T00:00:49+08:00 ] 121.42.0.31 /editor/filemanager/connectors/aspx/upload.aspx?Command=FileUpload&Type=File&CurrentFolder=%2F
INFO: [ app_init ] --START--
INFO: Run Behavior\BuildLiteBehavior [ RunTime:0.000017s ]
INFO: [ app_init ] --END-- [ RunTime:0.000350s ]
ERR: 无法加载模块:Editor

[ 2015-10-11T00:00:51+08:00 ] 121.42.0.31 /fckeditor/editor/filemanager/connectors/asp/connector.asp?Command=CreateFolder&Type=File&CurrentFolder=%2F81dc9bdb52d04dc2.asp&NewFolderName=z&uuid=1244789975684
INFO: [ app_init ] --START--
INFO: Run Behavior\BuildLiteBehavior [ RunTime:0.000049s ]
INFO: [ app_init ] --END-- [ RunTime:0.000368s ]
ERR: 无法加载模块:Fckeditor

[ 2015-10-11T00:00:53+08:00 ] 121.42.0.31 /FCKeditor/editor/filemanager/connectors/asp/connector.asp?Command=CreateFolder&Type=File&CurrentFolder=%2F81dc9bdb52d04dc2.asp&NewFolderName=z&uuid=1244789975684
INFO: [ app_init ] --START--
INFO: Run Behavior\BuildLiteBehavior [ RunTime:0.000018s ]
INFO: [ app_init ] --END-- [ RunTime:0.000335s ]
ERR: 无法加载模块:FCKeditor

[ 2015-10-11T00:00:55+08:00 ] 121.42.0.31 /editor/editor/filemanager/connectors/asp/connector.asp?Command=CreateFolder&Type=File&CurrentFolder=%2F81dc9bdb52d04dc2.asp&NewFolderName=z&uuid=1244789975684
INFO: [ app_init ] --START--
INFO: Run Behavior\BuildLiteBehavior [ RunTime:0.000018s ]
INFO: [ app_init ] --END-- [ RunTime:0.000365s ]
ERR: 无法加载模块:Editor

[ 2015-10-11T00:00:57+08:00 ] 121.42.0.31 /fck/editor/filemanager/connectors/asp/connector.asp?Command=CreateFolder&Type=File&CurrentFolder=%2F81dc9bdb52d04dc2.asp&NewFolderName=z&uuid=1244789975684
INFO: [ app_init ] --START--
INFO: Run Behavior\BuildLiteBehavior [ RunTime:0.000020s ]
INFO: [ app_init ] --END-- [ RunTime:0.000371s ]
ERR: 无法加载模块:Fck

[ 2015-10-11T00:00:59+08:00 ] 121.42.0.31 /includes/fckeditor/editor/filemanager/connectors/asp/connector.asp?Command=CreateFolder&Type=File&CurrentFolder=%2F81dc9bdb52d04dc2.asp&NewFolderName=z&uuid=1244789975684
INFO: [ app_init ] --START--
INFO: Run Behavior\BuildLiteBehavior [ RunTime:0.000018s ]
INFO: [ app_init ] --END-- [ RunTime:0.000391s ]
ERR: 无法加载模块:Includes

[ 2015-10-11T00:01:01+08:00 ] 121.42.0.31 /admin/fckeditor/editor/filemanager/connectors/asp/connector.asp?Command=CreateFolder&Type=File&CurrentFolder=%2F81dc9bdb52d04dc2.asp&NewFolderName=z&uuid=1244789975684
INFO: [ app_init ] --START--
INFO: Run Behavior\BuildLiteBehavior [ RunTime:0.000020s ]
INFO: [ app_init ] --END-- [ RunTime:0.000374s ]
ERR: 无法加载模块:Admin

[ 2015-10-11T00:01:03+08:00 ] 121.42.0.31 /manage/fckeditor/editor/filemanager/connectors/asp/connector.asp?Command=CreateFolder&Type=File&CurrentFolder=%2F81dc9bdb52d04dc2.asp&NewFolderName=z&uuid=1244789975684
INFO: [ app_init ] --START--
INFO: Run Behavior\BuildLiteBehavior [ RunTime:0.000018s ]
INFO: [ app_init ] --END-- [ RunTime:0.000346s ]
ERR: 无法加载模块:Manage

[ 2015-10-11T00:01:05+08:00 ] 121.42.0.31 /system/fckeditor/editor/filemanager/connectors/asp/connector.asp?Command=CreateFolder&Type=File&CurrentFolder=%2F81dc9bdb52d04dc2.asp&NewFolderName=z&uuid=1244789975684
INFO: [ app_init ] --START--
INFO: Run Behavior\BuildLiteBehavior [ RunTime:0.000018s ]
INFO: [ app_init ] --END-- [ RunTime:0.000353s ]
ERR: 无法加载模块:System

[ 2015-10-11T00:01:07+08:00 ] 121.42.0.31 /sysadmin/fckeditor/editor/filemanager/connectors/asp/connector.asp?Command=CreateFolder&Type=File&CurrentFolder=%2F81dc9bdb52d04dc2.asp&NewFolderName=z&uuid=1244789975684
INFO: [ app_init ] --START--
INFO: Run Behavior\BuildLiteBehavior [ RunTime:0.000017s ]
INFO: [ app_init ] --END-- [ RunTime:0.000384s ]
ERR: 无法加载模块:Sysadmin

[ 2015-10-11T00:01:09+08:00 ] 121.42.0.31 /js/fckeditor/editor/filemanager/connectors/asp/connector.asp?Command=CreateFolder&Type=File&CurrentFolder=%2F81dc9bdb52d04dc2.asp&NewFolderName=z&uuid=1244789975684
INFO: [ app_init ] --START--
INFO: Run Behavior\BuildLiteBehavior [ RunTime:0.000017s ]
INFO: [ app_init ] --END-- [ RunTime:0.000368s ]
ERR: 无法加载模块:Js

[ 2015-10-11T00:01:11+08:00 ] 121.42.0.31 /images/fckeditor/editor/filemanager/connectors/asp/connector.asp?Command=CreateFolder&Type=File&CurrentFolder=%2F81dc9bdb52d04dc2.asp&NewFolderName=z&uuid=1244789975684
INFO: [ app_init ] --START--
INFO: Run Behavior\BuildLiteBehavior [ RunTime:0.000018s ]
INFO: [ app_init ] --END-- [ RunTime:0.000357s ]
ERR: 无法加载模块:Images

[ 2015-10-11T00:01:13+08:00 ] 121.42.0.31 /lib/fckeditor/editor/filemanager/connectors/asp/connector.asp?Command=CreateFolder&Type=File&CurrentFolder=%2F81dc9bdb52d04dc2.asp&NewFolderName=z&uuid=1244789975684
INFO: [ app_init ] --START--
INFO: Run Behavior\BuildLiteBehavior [ RunTime:0.000019s ]
INFO: [ app_init ] --END-- [ RunTime:0.000404s ]
ERR: 无法加载模块:Lib

[ 2015-10-11T00:01:15+08:00 ] 121.42.0.31 /include/fckeditor/editor/filemanager/connectors/asp/connector.asp?Command=CreateFolder&Type=File&CurrentFolder=%2F81dc9bdb52d04dc2.asp&NewFolderName=z&uuid=1244789975684
INFO: [ app_init ] --START--
INFO: Run Behavior\BuildLiteBehavior [ RunTime:0.000020s ]
INFO: [ app_init ] --END-- [ RunTime:0.000421s ]
ERR: 无法加载模块:Include

[ 2015-10-11T00:01:17+08:00 ] 121.42.0.31 /plugins/fckeditor/editor/filemanager/connectors/asp/connector.asp?Command=CreateFolder&Type=File&CurrentFolder=%2F81dc9bdb52d04dc2.asp&NewFolderName=z&uuid=1244789975684
INFO: [ app_init ] --START--
INFO: Run Behavior\BuildLiteBehavior [ RunTime:0.000021s ]
INFO: [ app_init ] --END-- [ RunTime:0.000399s ]
ERR: 无法加载模块:Plugins

[ 2015-10-11T00:01:19+08:00 ] 121.42.0.31 /plugins/editor/fckeditor/editor/filemanager/connectors/asp/connector.asp?Command=CreateFolder&Type=File&CurrentFolder=%2F81dc9bdb52d04dc2.asp&NewFolderName=z&uuid=1244789975684
INFO: [ app_init ] --START--
INFO: Run Behavior\BuildLiteBehavior [ RunTime:0.000021s ]
INFO: [ app_init ] --END-- [ RunTime:0.000368s ]
ERR: 无法加载模块:Plugins

[ 2015-10-11T00:01:21+08:00 ] 121.42.0.31 /editor/fckeditor/editor/filemanager/connectors/asp/connector.asp?Command=CreateFolder&Type=File&CurrentFolder=%2F81dc9bdb52d04dc2.asp&NewFolderName=z&uuid=1244789975684
INFO: [ app_init ] --START--
INFO: Run Behavior\BuildLiteBehavior [ RunTime:0.000018s ]
INFO: [ app_init ] --END-- [ RunTime:0.000335s ]
ERR: 无法加载模块:Editor

[ 2015-10-11T00:01:23+08:00 ] 121.42.0.31 /editor/filemanager/connectors/asp/connector.asp?Command=CreateFolder&Type=File&CurrentFolder=%2F81dc9bdb52d04dc2.asp&NewFolderName=z&uuid=1244789975684
INFO: [ app_init ] --START--
INFO: Run Behavior\BuildLiteBehavior [ RunTime:0.000018s ]
INFO: [ app_init ] --END-- [ RunTime:0.000358s ]
ERR: 无法加载模块:Editor

[ 2015-10-11T00:02:33+08:00 ] 121.42.0.31 /fckeditor/editor/filemanager/connectors/aspx/connector.aspx?Command=CreateFolder&Type=File&CurrentFolder=%2F81dc9bdb52d04dc2.asp&NewFolderName=z&uuid=1244789975684
INFO: [ app_init ] --START--
INFO: Run Behavior\BuildLiteBehavior [ RunTime:0.000018s ]
INFO: [ app_init ] --END-- [ RunTime:0.000346s ]
ERR: 无法加载模块:Fckeditor

[ 2015-10-11T00:02:35+08:00 ] 121.42.0.31 /FCKeditor/editor/filemanager/connectors/aspx/connector.aspx?Command=CreateFolder&Type=File&CurrentFolder=%2F81dc9bdb52d04dc2.asp&NewFolderName=z&uuid=1244789975684
INFO: [ app_init ] --START--
INFO: Run Behavior\BuildLiteBehavior [ RunTime:0.000017s ]
INFO: [ app_init ] --END-- [ RunTime:0.000364s ]
ERR: 无法加载模块:FCKeditor

[ 2015-10-11T00:02:37+08:00 ] 121.42.0.31 /editor/editor/filemanager/connectors/aspx/connector.aspx?Command=CreateFolder&Type=File&CurrentFolder=%2F81dc9bdb52d04dc2.asp&NewFolderName=z&uuid=1244789975684
INFO: [ app_init ] --START--
INFO: Run Behavior\BuildLiteBehavior [ RunTime:0.000018s ]
INFO: [ app_init ] --END-- [ RunTime:0.000363s ]
ERR: 无法加载模块:Editor

[ 2015-10-11T00:02:39+08:00 ] 121.42.0.31 /fck/editor/filemanager/connectors/aspx/connector.aspx?Command=CreateFolder&Type=File&CurrentFolder=%2F81dc9bdb52d04dc2.asp&NewFolderName=z&uuid=1244789975684
INFO: [ app_init ] --START--
INFO: Run Behavior\BuildLiteBehavior [ RunTime:0.000018s ]
INFO: [ app_init ] --END-- [ RunTime:0.000544s ]
ERR: 无法加载模块:Fck

[ 2015-10-11T00:02:41+08:00 ] 121.42.0.31 /includes/fckeditor/editor/filemanager/connectors/aspx/connector.aspx?Command=CreateFolder&Type=File&CurrentFolder=%2F81dc9bdb52d04dc2.asp&NewFolderName=z&uuid=1244789975684
INFO: [ app_init ] --START--
INFO: Run Behavior\BuildLiteBehavior [ RunTime:0.000019s ]
INFO: [ app_init ] --END-- [ RunTime:0.000360s ]
ERR: 无法加载模块:Includes

[ 2015-10-11T00:02:43+08:00 ] 121.42.0.31 /admin/fckeditor/editor/filemanager/connectors/aspx/connector.aspx?Command=CreateFolder&Type=File&CurrentFolder=%2F81dc9bdb52d04dc2.asp&NewFolderName=z&uuid=1244789975684
INFO: [ app_init ] --START--
INFO: Run Behavior\BuildLiteBehavior [ RunTime:0.000045s ]
INFO: [ app_init ] --END-- [ RunTime:0.000361s ]
ERR: 无法加载模块:Admin

[ 2015-10-11T00:02:45+08:00 ] 121.42.0.31 /manage/fckeditor/editor/filemanager/connectors/aspx/connector.aspx?Command=CreateFolder&Type=File&CurrentFolder=%2F81dc9bdb52d04dc2.asp&NewFolderName=z&uuid=1244789975684
INFO: [ app_init ] --START--
INFO: Run Behavior\BuildLiteBehavior [ RunTime:0.000021s ]
INFO: [ app_init ] --END-- [ RunTime:0.000369s ]
ERR: 无法加载模块:Manage

[ 2015-10-11T00:02:47+08:00 ] 121.42.0.31 /system/fckeditor/editor/filemanager/connectors/aspx/connector.aspx?Command=CreateFolder&Type=File&CurrentFolder=%2F81dc9bdb52d04dc2.asp&NewFolderName=z&uuid=1244789975684
INFO: [ app_init ] --START--
INFO: Run Behavior\BuildLiteBehavior [ RunTime:0.000018s ]
INFO: [ app_init ] --END-- [ RunTime:0.000349s ]
ERR: 无法加载模块:System

[ 2015-10-11T00:02:49+08:00 ] 121.42.0.31 /sysadmin/fckeditor/editor/filemanager/connectors/aspx/connector.aspx?Command=CreateFolder&Type=File&CurrentFolder=%2F81dc9bdb52d04dc2.asp&NewFolderName=z&uuid=1244789975684
INFO: [ app_init ] --START--
INFO: Run Behavior\BuildLiteBehavior [ RunTime:0.000043s ]
INFO: [ app_init ] --END-- [ RunTime:0.000360s ]
ERR: 无法加载模块:Sysadmin

[ 2015-10-11T00:02:51+08:00 ] 121.42.0.31 /js/fckeditor/editor/filemanager/connectors/aspx/connector.aspx?Command=CreateFolder&Type=File&CurrentFolder=%2F81dc9bdb52d04dc2.asp&NewFolderName=z&uuid=1244789975684
INFO: [ app_init ] --START--
INFO: Run Behavior\BuildLiteBehavior [ RunTime:0.000018s ]
INFO: [ app_init ] --END-- [ RunTime:0.000366s ]
ERR: 无法加载模块:Js

[ 2015-10-11T00:02:53+08:00 ] 121.42.0.31 /images/fckeditor/editor/filemanager/connectors/aspx/connector.aspx?Command=CreateFolder&Type=File&CurrentFolder=%2F81dc9bdb52d04dc2.asp&NewFolderName=z&uuid=1244789975684
INFO: [ app_init ] --START--
INFO: Run Behavior\BuildLiteBehavior [ RunTime:0.000018s ]
INFO: [ app_init ] --END-- [ RunTime:0.000371s ]
ERR: 无法加载模块:Images

[ 2015-10-11T00:02:55+08:00 ] 121.42.0.31 /lib/fckeditor/editor/filemanager/connectors/aspx/connector.aspx?Command=CreateFolder&Type=File&CurrentFolder=%2F81dc9bdb52d04dc2.asp&NewFolderName=z&uuid=1244789975684
INFO: [ app_init ] --START--
INFO: Run Behavior\BuildLiteBehavior [ RunTime:0.000018s ]
INFO: [ app_init ] --END-- [ RunTime:0.000334s ]
ERR: 无法加载模块:Lib

[ 2015-10-11T00:02:57+08:00 ] 121.42.0.31 /include/fckeditor/editor/filemanager/connectors/aspx/connector.aspx?Command=CreateFolder&Type=File&CurrentFolder=%2F81dc9bdb52d04dc2.asp&NewFolderName=z&uuid=1244789975684
INFO: [ app_init ] --START--
INFO: Run Behavior\BuildLiteBehavior [ RunTime:0.000019s ]
INFO: [ app_init ] --END-- [ RunTime:0.000365s ]
ERR: 无法加载模块:Include

[ 2015-10-11T00:02:59+08:00 ] 121.42.0.31 /plugins/fckeditor/editor/filemanager/connectors/aspx/connector.aspx?Command=CreateFolder&Type=File&CurrentFolder=%2F81dc9bdb52d04dc2.asp&NewFolderName=z&uuid=1244789975684
INFO: [ app_init ] --START--
INFO: Run Behavior\BuildLiteBehavior [ RunTime:0.000017s ]
INFO: [ app_init ] --END-- [ RunTime:0.000333s ]
ERR: 无法加载模块:Plugins

[ 2015-10-11T00:03:01+08:00 ] 121.42.0.31 /plugins/editor/fckeditor/editor/filemanager/connectors/aspx/connector.aspx?Command=CreateFolder&Type=File&CurrentFolder=%2F81dc9bdb52d04dc2.asp&NewFolderName=z&uuid=1244789975684
INFO: [ app_init ] --START--
INFO: Run Behavior\BuildLiteBehavior [ RunTime:0.000018s ]
INFO: [ app_init ] --END-- [ RunTime:0.000329s ]
ERR: 无法加载模块:Plugins

[ 2015-10-11T00:03:03+08:00 ] 121.42.0.31 /editor/fckeditor/editor/filemanager/connectors/aspx/connector.aspx?Command=CreateFolder&Type=File&CurrentFolder=%2F81dc9bdb52d04dc2.asp&NewFolderName=z&uuid=1244789975684
INFO: [ app_init ] --START--
INFO: Run Behavior\BuildLiteBehavior [ RunTime:0.000018s ]
INFO: [ app_init ] --END-- [ RunTime:0.000377s ]
ERR: 无法加载模块:Editor

[ 2015-10-11T00:03:05+08:00 ] 121.42.0.31 /editor/filemanager/connectors/aspx/connector.aspx?Command=CreateFolder&Type=File&CurrentFolder=%2F81dc9bdb52d04dc2.asp&NewFolderName=z&uuid=1244789975684
INFO: [ app_init ] --START--
INFO: Run Behavior\BuildLiteBehavior [ RunTime:0.000018s ]
INFO: [ app_init ] --END-- [ RunTime:0.000390s ]
ERR: 无法加载模块:Editor

[ 2015-10-11T00:04:00+08:00 ] 121.42.0.31 /fckeditor/editor/filemanager/browser/default/connectors/asp/connector.asp?Command=FileUpload&Type=File&CurrentFolder=%2F
INFO: [ app_init ] --START--
INFO: Run Behavior\BuildLiteBehavior [ RunTime:0.000018s ]
INFO: [ app_init ] --END-- [ RunTime:0.000333s ]
ERR: 无法加载模块:Fckeditor

[ 2015-10-11T00:04:02+08:00 ] 121.42.0.31 /FCKeditor/editor/filemanager/browser/default/connectors/asp/connector.asp?Command=FileUpload&Type=File&CurrentFolder=%2F
INFO: [ app_init ] --START--
INFO: Run Behavior\BuildLiteBehavior [ RunTime:0.000018s ]
INFO: [ app_init ] --END-- [ RunTime:0.000359s ]
ERR: 无法加载模块:FCKeditor

[ 2015-10-11T00:04:04+08:00 ] 121.42.0.31 /editor/editor/filemanager/browser/default/connectors/asp/connector.asp?Command=FileUpload&Type=File&CurrentFolder=%2F
INFO: [ app_init ] --START--
INFO: Run Behavior\BuildLiteBehavior [ RunTime:0.000017s ]
INFO: [ app_init ] --END-- [ RunTime:0.000340s ]
ERR: 无法加载模块:Editor

[ 2015-10-11T00:04:06+08:00 ] 121.42.0.31 /fck/editor/filemanager/browser/default/connectors/asp/connector.asp?Command=FileUpload&Type=File&CurrentFolder=%2F
INFO: [ app_init ] --START--
INFO: Run Behavior\BuildLiteBehavior [ RunTime:0.000017s ]
INFO: [ app_init ] --END-- [ RunTime:0.000333s ]
ERR: 无法加载模块:Fck

[ 2015-10-11T00:04:08+08:00 ] 121.42.0.31 /includes/fckeditor/editor/filemanager/browser/default/connectors/asp/connector.asp?Command=FileUpload&Type=File&CurrentFolder=%2F
INFO: [ app_init ] --START--
INFO: Run Behavior\BuildLiteBehavior [ RunTime:0.000018s ]
INFO: [ app_init ] --END-- [ RunTime:0.000361s ]
ERR: 无法加载模块:Includes

[ 2015-10-11T00:04:10+08:00 ] 121.42.0.31 /admin/fckeditor/editor/filemanager/browser/default/connectors/asp/connector.asp?Command=FileUpload&Type=File&CurrentFolder=%2F
INFO: [ app_init ] --START--
INFO: Run Behavior\BuildLiteBehavior [ RunTime:0.000018s ]
INFO: [ app_init ] --END-- [ RunTime:0.000326s ]
ERR: 无法加载模块:Admin

[ 2015-10-11T00:04:12+08:00 ] 121.42.0.31 /manage/fckeditor/editor/filemanager/browser/default/connectors/asp/connector.asp?Command=FileUpload&Type=File&CurrentFolder=%2F
INFO: [ app_init ] --START--
INFO: Run Behavior\BuildLiteBehavior [ RunTime:0.000021s ]
INFO: [ app_init ] --END-- [ RunTime:0.000363s ]
ERR: 无法加载模块:Manage

[ 2015-10-11T00:04:14+08:00 ] 121.42.0.31 /system/fckeditor/editor/filemanager/browser/default/connectors/asp/connector.asp?Command=FileUpload&Type=File&CurrentFolder=%2F
INFO: [ app_init ] --START--
INFO: Run Behavior\BuildLiteBehavior [ RunTime:0.000019s ]
INFO: [ app_init ] --END-- [ RunTime:0.000355s ]
ERR: 无法加载模块:System

[ 2015-10-11T00:04:16+08:00 ] 121.42.0.31 /sysadmin/fckeditor/editor/filemanager/browser/default/connectors/asp/connector.asp?Command=FileUpload&Type=File&CurrentFolder=%2F
INFO: [ app_init ] --START--
INFO: Run Behavior\BuildLiteBehavior [ RunTime:0.000017s ]
INFO: [ app_init ] --END-- [ RunTime:0.000338s ]
ERR: 无法加载模块:Sysadmin

[ 2015-10-11T00:04:18+08:00 ] 121.42.0.31 /js/fckeditor/editor/filemanager/browser/default/connectors/asp/connector.asp?Command=FileUpload&Type=File&CurrentFolder=%2F
INFO: [ app_init ] --START--
INFO: Run Behavior\BuildLiteBehavior [ RunTime:0.000018s ]
INFO: [ app_init ] --END-- [ RunTime:0.000330s ]
ERR: 无法加载模块:Js

[ 2015-10-11T00:04:20+08:00 ] 121.42.0.31 /images/fckeditor/editor/filemanager/browser/default/connectors/asp/connector.asp?Command=FileUpload&Type=File&CurrentFolder=%2F
INFO: [ app_init ] --START--
INFO: Run Behavior\BuildLiteBehavior [ RunTime:0.000017s ]
INFO: [ app_init ] --END-- [ RunTime:0.000340s ]
ERR: 无法加载模块:Images

[ 2015-10-11T00:04:22+08:00 ] 121.42.0.31 /lib/fckeditor/editor/filemanager/browser/default/connectors/asp/connector.asp?Command=FileUpload&Type=File&CurrentFolder=%2F
INFO: [ app_init ] --START--
INFO: Run Behavior\BuildLiteBehavior [ RunTime:0.000018s ]
INFO: [ app_init ] --END-- [ RunTime:0.000336s ]
ERR: 无法加载模块:Lib

[ 2015-10-11T00:04:24+08:00 ] 121.42.0.31 /include/fckeditor/editor/filemanager/browser/default/connectors/asp/connector.asp?Command=FileUpload&Type=File&CurrentFolder=%2F
INFO: [ app_init ] --START--
INFO: Run Behavior\BuildLiteBehavior [ RunTime:0.000018s ]
INFO: [ app_init ] --END-- [ RunTime:0.000330s ]
ERR: 无法加载模块:Include

[ 2015-10-11T00:04:26+08:00 ] 121.42.0.31 /plugins/fckeditor/editor/filemanager/browser/default/connectors/asp/connector.asp?Command=FileUpload&Type=File&CurrentFolder=%2F
INFO: [ app_init ] --START--
INFO: Run Behavior\BuildLiteBehavior [ RunTime:0.000017s ]
INFO: [ app_init ] --END-- [ RunTime:0.000336s ]
ERR: 无法加载模块:Plugins

[ 2015-10-11T00:04:28+08:00 ] 121.42.0.31 /plugins/editor/fckeditor/editor/filemanager/browser/default/connectors/asp/connector.asp?Command=FileUpload&Type=File&CurrentFolder=%2F
INFO: [ app_init ] --START--
INFO: Run Behavior\BuildLiteBehavior [ RunTime:0.000018s ]
INFO: [ app_init ] --END-- [ RunTime:0.000338s ]
ERR: 无法加载模块:Plugins

[ 2015-10-11T00:04:30+08:00 ] 121.42.0.31 /editor/fckeditor/editor/filemanager/browser/default/connectors/asp/connector.asp?Command=FileUpload&Type=File&CurrentFolder=%2F
INFO: [ app_init ] --START--
INFO: Run Behavior\BuildLiteBehavior [ RunTime:0.000017s ]
INFO: [ app_init ] --END-- [ RunTime:0.000331s ]
ERR: 无法加载模块:Editor

[ 2015-10-11T00:04:32+08:00 ] 121.42.0.31 /editor/filemanager/browser/default/connectors/asp/connector.asp?Command=FileUpload&Type=File&CurrentFolder=%2F
INFO: [ app_init ] --START--
INFO: Run Behavior\BuildLiteBehavior [ RunTime:0.000017s ]
INFO: [ app_init ] --END-- [ RunTime:0.000334s ]
ERR: 无法加载模块:Editor

[ 2015-10-11T00:04:34+08:00 ] 121.42.0.31 /fckeditor/editor/filemanager/browser/default/connectors/aspx/connector.aspx?Command=FileUpload&Type=File&CurrentFolder=%2F
INFO: [ app_init ] --START--
INFO: Run Behavior\BuildLiteBehavior [ RunTime:0.000018s ]
INFO: [ app_init ] --END-- [ RunTime:0.000336s ]
ERR: 无法加载模块:Fckeditor

[ 2015-10-11T00:04:36+08:00 ] 121.42.0.31 /FCKeditor/editor/filemanager/browser/default/connectors/aspx/connector.aspx?Command=FileUpload&Type=File&CurrentFolder=%2F
INFO: [ app_init ] --START--
INFO: Run Behavior\BuildLiteBehavior [ RunTime:0.000018s ]
INFO: [ app_init ] --END-- [ RunTime:0.000336s ]
ERR: 无法加载模块:FCKeditor

[ 2015-10-11T00:04:38+08:00 ] 121.42.0.31 /editor/editor/filemanager/browser/default/connectors/aspx/connector.aspx?Command=FileUpload&Type=File&CurrentFolder=%2F
INFO: [ app_init ] --START--
INFO: Run Behavior\BuildLiteBehavior [ RunTime:0.000020s ]
INFO: [ app_init ] --END-- [ RunTime:0.000342s ]
ERR: 无法加载模块:Editor

[ 2015-10-11T00:04:40+08:00 ] 121.42.0.31 /fck/editor/filemanager/browser/default/connectors/aspx/connector.aspx?Command=FileUpload&Type=File&CurrentFolder=%2F
INFO: [ app_init ] --START--
INFO: Run Behavior\BuildLiteBehavior [ RunTime:0.000018s ]
INFO: [ app_init ] --END-- [ RunTime:0.000333s ]
ERR: 无法加载模块:Fck

[ 2015-10-11T00:04:42+08:00 ] 121.42.0.31 /includes/fckeditor/editor/filemanager/browser/default/connectors/aspx/connector.aspx?Command=FileUpload&Type=File&CurrentFolder=%2F
INFO: [ app_init ] --START--
INFO: Run Behavior\BuildLiteBehavior [ RunTime:0.000018s ]
INFO: [ app_init ] --END-- [ RunTime:0.000331s ]
ERR: 无法加载模块:Includes

[ 2015-10-11T00:04:44+08:00 ] 121.42.0.31 /admin/fckeditor/editor/filemanager/browser/default/connectors/aspx/connector.aspx?Command=FileUpload&Type=File&CurrentFolder=%2F
INFO: [ app_init ] --START--
INFO: Run Behavior\BuildLiteBehavior [ RunTime:0.000018s ]
INFO: [ app_init ] --END-- [ RunTime:0.000334s ]
ERR: 无法加载模块:Admin

[ 2015-10-11T00:04:46+08:00 ] 121.42.0.31 /manage/fckeditor/editor/filemanager/browser/default/connectors/aspx/connector.aspx?Command=FileUpload&Type=File&CurrentFolder=%2F
INFO: [ app_init ] --START--
INFO: Run Behavior\BuildLiteBehavior [ RunTime:0.000018s ]
INFO: [ app_init ] --END-- [ RunTime:0.000337s ]
ERR: 无法加载模块:Manage

[ 2015-10-11T00:04:48+08:00 ] 121.42.0.31 /system/fckeditor/editor/filemanager/browser/default/connectors/aspx/connector.aspx?Command=FileUpload&Type=File&CurrentFolder=%2F
INFO: [ app_init ] --START--
INFO: Run Behavior\BuildLiteBehavior [ RunTime:0.000018s ]
INFO: [ app_init ] --END-- [ RunTime:0.000347s ]
ERR: 无法加载模块:System

[ 2015-10-11T00:04:50+08:00 ] 121.42.0.31 /sysadmin/fckeditor/editor/filemanager/browser/default/connectors/aspx/connector.aspx?Command=FileUpload&Type=File&CurrentFolder=%2F
INFO: [ app_init ] --START--
INFO: Run Behavior\BuildLiteBehavior [ RunTime:0.000018s ]
INFO: [ app_init ] --END-- [ RunTime:0.000333s ]
ERR: 无法加载模块:Sysadmin

[ 2015-10-11T00:04:52+08:00 ] 121.42.0.31 /js/fckeditor/editor/filemanager/browser/default/connectors/aspx/connector.aspx?Command=FileUpload&Type=File&CurrentFolder=%2F
INFO: [ app_init ] --START--
INFO: Run Behavior\BuildLiteBehavior [ RunTime:0.000018s ]
INFO: [ app_init ] --END-- [ RunTime:0.000338s ]
ERR: 无法加载模块:Js

[ 2015-10-11T00:04:54+08:00 ] 121.42.0.31 /images/fckeditor/editor/filemanager/browser/default/connectors/aspx/connector.aspx?Command=FileUpload&Type=File&CurrentFolder=%2F
INFO: [ app_init ] --START--
INFO: Run Behavior\BuildLiteBehavior [ RunTime:0.000018s ]
INFO: [ app_init ] --END-- [ RunTime:0.000373s ]
ERR: 无法加载模块:Images

[ 2015-10-11T00:04:56+08:00 ] 121.42.0.31 /lib/fckeditor/editor/filemanager/browser/default/connectors/aspx/connector.aspx?Command=FileUpload&Type=File&CurrentFolder=%2F
INFO: [ app_init ] --START--
INFO: Run Behavior\BuildLiteBehavior [ RunTime:0.000018s ]
INFO: [ app_init ] --END-- [ RunTime:0.000340s ]
ERR: 无法加载模块:Lib

[ 2015-10-11T00:04:58+08:00 ] 121.42.0.31 /include/fckeditor/editor/filemanager/browser/default/connectors/aspx/connector.aspx?Command=FileUpload&Type=File&CurrentFolder=%2F
INFO: [ app_init ] --START--
INFO: Run Behavior\BuildLiteBehavior [ RunTime:0.000017s ]
INFO: [ app_init ] --END-- [ RunTime:0.000360s ]
ERR: 无法加载模块:Include

[ 2015-10-11T00:05:00+08:00 ] 121.42.0.31 /plugins/fckeditor/editor/filemanager/browser/default/connectors/aspx/connector.aspx?Command=FileUpload&Type=File&CurrentFolder=%2F
INFO: [ app_init ] --START--
INFO: Run Behavior\BuildLiteBehavior [ RunTime:0.000021s ]
INFO: [ app_init ] --END-- [ RunTime:0.000459s ]
ERR: 无法加载模块:Plugins

[ 2015-10-11T00:05:02+08:00 ] 121.42.0.31 /plugins/editor/fckeditor/editor/filemanager/browser/default/connectors/aspx/connector.aspx?Command=FileUpload&Type=File&CurrentFolder=%2F
INFO: [ app_init ] --START--
INFO: Run Behavior\BuildLiteBehavior [ RunTime:0.000018s ]
INFO: [ app_init ] --END-- [ RunTime:0.000359s ]
ERR: 无法加载模块:Plugins

[ 2015-10-11T00:05:04+08:00 ] 121.42.0.31 /editor/fckeditor/editor/filemanager/browser/default/connectors/aspx/connector.aspx?Command=FileUpload&Type=File&CurrentFolder=%2F
INFO: [ app_init ] --START--
INFO: Run Behavior\BuildLiteBehavior [ RunTime:0.000017s ]
INFO: [ app_init ] --END-- [ RunTime:0.000415s ]
ERR: 无法加载模块:Editor

[ 2015-10-11T00:05:06+08:00 ] 121.42.0.31 /editor/filemanager/browser/default/connectors/aspx/connector.aspx?Command=FileUpload&Type=File&CurrentFolder=%2F
INFO: [ app_init ] --START--
INFO: Run Behavior\BuildLiteBehavior [ RunTime:0.000017s ]
INFO: [ app_init ] --END-- [ RunTime:0.000338s ]
ERR: 无法加载模块:Editor

[ 2015-10-11T00:05:08+08:00 ] 121.42.0.31 /phpmyadmin/index.php
INFO: [ app_init ] --START--
INFO: Run Behavior\BuildLiteBehavior [ RunTime:0.000017s ]
INFO: [ app_init ] --END-- [ RunTime:0.000391s ]
ERR: 无法加载模块:Phpmyadmin

[ 2015-10-11T00:05:12+08:00 ] 121.42.0.31 /phpMyAdmin/index.php
INFO: [ app_init ] --START--
INFO: Run Behavior\BuildLiteBehavior [ RunTime:0.000018s ]
INFO: [ app_init ] --END-- [ RunTime:0.000333s ]
ERR: 无法加载模块:PhpMyAdmin

[ 2015-10-11T00:05:16+08:00 ] 121.42.0.31 /pma/index.php
INFO: [ app_init ] --START--
INFO: Run Behavior\BuildLiteBehavior [ RunTime:0.000017s ]
INFO: [ app_init ] --END-- [ RunTime:0.000360s ]
ERR: 无法加载模块:Pma

[ 2015-10-11T00:05:20+08:00 ] 121.42.0.31 /pmd/index.php
INFO: [ app_init ] --START--
INFO: Run Behavior\BuildLiteBehavior [ RunTime:0.000018s ]
INFO: [ app_init ] --END-- [ RunTime:0.000347s ]
ERR: 无法加载模块:Pmd

[ 2015-10-11T00:05:24+08:00 ] 121.42.0.31 /phpmyadmin/main.php
INFO: [ app_init ] --START--
INFO: Run Behavior\BuildLiteBehavior [ RunTime:0.000018s ]
INFO: [ app_init ] --END-- [ RunTime:0.000329s ]
ERR: 无法加载模块:Phpmyadmin

[ 2015-10-11T00:05:28+08:00 ] 121.42.0.31 /phpMyAdmin/main.php
INFO: [ app_init ] --START--
INFO: Run Behavior\BuildLiteBehavior [ RunTime:0.000017s ]
INFO: [ app_init ] --END-- [ RunTime:0.000348s ]
ERR: 无法加载模块:PhpMyAdmin

[ 2015-10-11T00:05:32+08:00 ] 121.42.0.31 /pma/main.php
INFO: [ app_init ] --START--
INFO: Run Behavior\BuildLiteBehavior [ RunTime:0.000018s ]
INFO: [ app_init ] --END-- [ RunTime:0.000329s ]
ERR: 无法加载模块:Pma

[ 2015-10-11T00:05:36+08:00 ] 121.42.0.31 /pmd/main.php
INFO: [ app_init ] --START--
INFO: Run Behavior\BuildLiteBehavior [ RunTime:0.000017s ]
INFO: [ app_init ] --END-- [ RunTime:0.000333s ]
ERR: 无法加载模块:Pmd

[ 2015-10-11T00:05:48+08:00 ] 121.42.0.31 /wp-login.php
INFO: [ app_init ] --START--
INFO: Run Behavior\BuildLiteBehavior [ RunTime:0.000018s ]
INFO: [ app_init ] --END-- [ RunTime:0.000369s ]
ERR: 无法加载模块:Wp-login

[ 2015-10-11T00:05:54+08:00 ] 121.42.0.31 /phpmyadmin/scripts/setup.php
INFO: [ app_init ] --START--
INFO: Run Behavior\BuildLiteBehavior [ RunTime:0.000019s ]
INFO: [ app_init ] --END-- [ RunTime:0.000334s ]
ERR: 无法加载模块:Phpmyadmin

[ 2015-10-11T00:05:56+08:00 ] 121.42.0.31 /phpMyAdmin/scripts/setup.php
INFO: [ app_init ] --START--
INFO: Run Behavior\BuildLiteBehavior [ RunTime:0.000020s ]
INFO: [ app_init ] --END-- [ RunTime:0.000338s ]
ERR: 无法加载模块:PhpMyAdmin

[ 2015-10-11T00:05:58+08:00 ] 121.42.0.31 /pma/scripts/setup.php
INFO: [ app_init ] --START--
INFO: Run Behavior\BuildLiteBehavior [ RunTime:0.000017s ]
INFO: [ app_init ] --END-- [ RunTime:0.000332s ]
ERR: 无法加载模块:Pma

[ 2015-10-11T00:06:00+08:00 ] 121.42.0.31 /pmd/scripts/setup.php
INFO: [ app_init ] --START--
INFO: Run Behavior\BuildLiteBehavior [ RunTime:0.000026s ]
INFO: [ app_init ] --END-- [ RunTime:0.000469s ]
ERR: 无法加载模块:Pmd

[ 2015-10-11T00:06:02+08:00 ] 121.42.0.31 /mailmain?type=login
INFO: [ app_init ] --START--
INFO: Run Behavior\BuildLiteBehavior [ RunTime:0.000018s ]
INFO: [ app_init ] --END-- [ RunTime:0.000338s ]
ERR: 无法加载模块:Mailmain

[ 2015-10-11T03:31:10+08:00 ] 61.160.213.110 http://zc.qq.com/chs/index.html?type=1
INFO: [ app_init ] --START--
INFO: Run Behavior\BuildLiteBehavior [ RunTime:0.000020s ]
INFO: [ app_init ] --END-- [ RunTime:0.000421s ]
ERR: 无法加载模块:Chs

[ 2015-10-11T07:24:02+08:00 ] 61.160.213.110 http://zc.qq.com/chs/index.html?type=1
INFO: [ app_init ] --START--
INFO: Run Behavior\BuildLiteBehavior [ RunTime:0.000018s ]
INFO: [ app_init ] --END-- [ RunTime:0.000373s ]
ERR: 无法加载模块:Chs

[ 2015-10-11T15:58:56+08:00 ] 121.42.0.37 /webscan38502863.txt
INFO: [ app_init ] --START--
INFO: Run Behavior\BuildLiteBehavior [ RunTime:0.000018s ]
INFO: [ app_init ] --END-- [ RunTime:0.000406s ]
ERR: 无法加载模块:Webscan38502863

[ 2015-10-11T15:59:06+08:00 ] 121.42.0.37 /webscan38502863.txt
INFO: [ app_init ] --START--
INFO: Run Behavior\BuildLiteBehavior [ RunTime:0.000018s ]
INFO: [ app_init ] --END-- [ RunTime:0.000344s ]
ERR: 无法加载模块:Webscan38502863

[ 2015-10-11T15:59:08+08:00 ] 121.42.0.37 /jmx-console/
INFO: [ app_init ] --START--
INFO: Run Behavior\BuildLiteBehavior [ RunTime:0.000017s ]
INFO: [ app_init ] --END-- [ RunTime:0.000339s ]
ERR: 无法加载模块:Jmx-console

[ 2015-10-11T15:59:10+08:00 ] 121.42.0.37 /web-console/
INFO: [ app_init ] --START--
INFO: Run Behavior\BuildLiteBehavior [ RunTime:0.000017s ]
INFO: [ app_init ] --END-- [ RunTime:0.000330s ]
ERR: 无法加载模块:Web-console

[ 2015-10-11T15:59:12+08:00 ] 121.42.0.37 /invoker/JMXInvokerServlet
INFO: [ app_init ] --START--
INFO: Run Behavior\BuildLiteBehavior [ RunTime:0.000017s ]
INFO: [ app_init ] --END-- [ RunTime:0.000335s ]
ERR: 无法加载模块:Invoker

[ 2015-10-11T15:59:14+08:00 ] 121.42.0.37 /invoker/EJBInvokerServlet
INFO: [ app_init ] --START--
INFO: Run Behavior\BuildLiteBehavior [ RunTime:0.000017s ]
INFO: [ app_init ] --END-- [ RunTime:0.000360s ]
ERR: 无法加载模块:Invoker

[ 2015-10-11T15:59:16+08:00 ] 121.42.0.37 /status/
INFO: [ app_init ] --START--
INFO: Run Behavior\BuildLiteBehavior [ RunTime:0.000018s ]
INFO: [ app_init ] --END-- [ RunTime:0.000361s ]
ERR: 无法加载模块:Status

[ 2015-10-11T15:59:30+08:00 ] 121.42.0.37 /web-console/
INFO: [ app_init ] --START--
INFO: Run Behavior\BuildLiteBehavior [ RunTime:0.000018s ]
INFO: [ app_init ] --END-- [ RunTime:0.000359s ]
ERR: 无法加载模块:Web-console

[ 2015-10-11T15:59:31+08:00 ] 121.42.0.37 /jmx-console/
INFO: [ app_init ] --START--
INFO: Run Behavior\BuildLiteBehavior [ RunTime:0.000018s ]
INFO: [ app_init ] --END-- [ RunTime:0.000360s ]
ERR: 无法加载模块:Jmx-console

[ 2015-10-11T15:59:32+08:00 ] 121.42.0.37 /invoker/JMXInvokerServlet
INFO: [ app_init ] --START--
INFO: Run Behavior\BuildLiteBehavior [ RunTime:0.000018s ]
INFO: [ app_init ] --END-- [ RunTime:0.000370s ]
ERR: 无法加载模块:Invoker

[ 2015-10-11T15:59:33+08:00 ] 121.42.0.37 /invoker/EJBInvokerServlet
INFO: [ app_init ] --START--
INFO: Run Behavior\BuildLiteBehavior [ RunTime:0.000018s ]
INFO: [ app_init ] --END-- [ RunTime:0.000373s ]
ERR: 无法加载模块:Invoker

[ 2015-10-11T15:59:34+08:00 ] 121.42.0.37 /status
INFO: [ app_init ] --START--
INFO: Run Behavior\BuildLiteBehavior [ RunTime:0.000018s ]
INFO: [ app_init ] --END-- [ RunTime:0.000328s ]
ERR: 无法加载模块:Status

[ 2015-10-11T15:59:40+08:00 ] 121.42.0.37 /manager/html
INFO: [ app_init ] --START--
INFO: Run Behavior\BuildLiteBehavior [ RunTime:0.000018s ]
INFO: [ app_init ] --END-- [ RunTime:0.000332s ]
ERR: 无法加载模块:Manager

[ 2015-10-11T18:06:59+08:00 ] 223.208.46.12 /IPC$
INFO: [ app_init ] --START--
INFO: Run Behavior\BuildLiteBehavior [ RunTime:0.000018s ]
INFO: [ app_init ] --END-- [ RunTime:0.000435s ]
ERR: 无法加载模块:IPC$

[ 2015-10-11T18:37:25+08:00 ] 223.220.13.56 /favicon.ico
INFO: [ app_init ] --START--
INFO: Run Behavior\BuildLiteBehavior [ RunTime:0.000022s ]
INFO: [ app_init ] --END-- [ RunTime:0.000520s ]
ERR: 无法加载模块:Favicon

