[ 2016-03-07T00:10:54+08:00 ] 107.151.226.242 http://proxyworld.perso.sfr.fr/azenv.php
INFO: [ app_init ] --START--
INFO: Run Behavior\BuildLiteBehavior [ RunTime:0.000018s ]
INFO: [ app_init ] --END-- [ RunTime:0.000369s ]
ERR: 无法加载模块:Azenv

[ 2016-03-07T00:57:05+08:00 ] 107.151.226.242 http://proxyworld.perso.sfr.fr/azenv.php
INFO: [ app_init ] --START--
INFO: Run Behavior\BuildLiteBehavior [ RunTime:0.000021s ]
INFO: [ app_init ] --END-- [ RunTime:0.000520s ]
ERR: 无法加载模块:Azenv

[ 2016-03-07T00:59:39+08:00 ] 107.151.226.242 http://www.proxy-listen.de/azenv.php
INFO: [ app_init ] --START--
INFO: Run Behavior\BuildLiteBehavior [ RunTime:0.000018s ]
INFO: [ app_init ] --END-- [ RunTime:0.000374s ]
ERR: 无法加载模块:Azenv

[ 2016-03-07T01:45:02+08:00 ] 107.151.226.242 http://www.mesregies.com/azz.php
INFO: [ app_init ] --START--
INFO: Run Behavior\BuildLiteBehavior [ RunTime:0.000018s ]
INFO: [ app_init ] --END-- [ RunTime:0.000404s ]
ERR: 无法加载模块:Azz

[ 2016-03-07T02:22:45+08:00 ] 185.49.14.190 http://testp2.czar.bielawa.pl/testproxy.php
INFO: [ app_init ] --START--
INFO: Run Behavior\BuildLiteBehavior [ RunTime:0.000018s ]
INFO: [ app_init ] --END-- [ RunTime:0.000392s ]
ERR: 无法加载模块:Testproxy

[ 2016-03-07T03:42:38+08:00 ] 107.151.226.242 http://www.mojeip.net.pl/asdfa/azenv.pl
INFO: [ app_init ] --START--
INFO: Run Behavior\BuildLiteBehavior [ RunTime:0.000019s ]
INFO: [ app_init ] --END-- [ RunTime:0.000362s ]
ERR: 无法加载模块:Asdfa

[ 2016-03-07T03:44:26+08:00 ] 107.151.226.242 http://domkrim.com/av.php
INFO: [ app_init ] --START--
INFO: Run Behavior\BuildLiteBehavior [ RunTime:0.000019s ]
INFO: [ app_init ] --END-- [ RunTime:0.000341s ]
ERR: 无法加载模块:Av

[ 2016-03-07T03:58:49+08:00 ] 213.246.45.128 http://www.baidu.com/cache/global/img/gs.gif
INFO: [ app_init ] --START--
INFO: Run Behavior\BuildLiteBehavior [ RunTime:0.000018s ]
INFO: [ app_init ] --END-- [ RunTime:0.000367s ]
ERR: 无法加载模块:Cache

[ 2016-03-07T04:17:55+08:00 ] 107.151.226.242 http://www.proxyjudge.info/azenv.php
INFO: [ app_init ] --START--
INFO: Run Behavior\BuildLiteBehavior [ RunTime:0.000021s ]
INFO: [ app_init ] --END-- [ RunTime:0.000382s ]
ERR: 无法加载模块:Azenv

[ 2016-03-07T04:24:16+08:00 ] 107.151.226.242 http://www.mesregies.com/azz.php
INFO: [ app_init ] --START--
INFO: Run Behavior\BuildLiteBehavior [ RunTime:0.000018s ]
INFO: [ app_init ] --END-- [ RunTime:0.000373s ]
ERR: 无法加载模块:Azz

[ 2016-03-07T04:38:46+08:00 ] 106.185.47.161 http://www.baidu.com/cache/global/img/gs.gif
INFO: [ app_init ] --START--
INFO: Run Behavior\BuildLiteBehavior [ RunTime:0.000021s ]
INFO: [ app_init ] --END-- [ RunTime:0.000444s ]
ERR: 无法加载模块:Cache

[ 2016-03-07T05:49:44+08:00 ] 107.151.226.242 http://www.proxyjudge.info/azenv.php
INFO: [ app_init ] --START--
INFO: Run Behavior\BuildLiteBehavior [ RunTime:0.000018s ]
INFO: [ app_init ] --END-- [ RunTime:0.000363s ]
ERR: 无法加载模块:Azenv

[ 2016-03-07T05:51:00+08:00 ] 107.151.226.242 http://www.mesregies.com/azz.php
INFO: [ app_init ] --START--
INFO: Run Behavior\BuildLiteBehavior [ RunTime:0.000018s ]
INFO: [ app_init ] --END-- [ RunTime:0.000352s ]
ERR: 无法加载模块:Azz

[ 2016-03-07T06:23:03+08:00 ] 185.25.151.159 http://testp1.piwo.pila.pl/testproxy.php
INFO: [ app_init ] --START--
INFO: Run Behavior\BuildLiteBehavior [ RunTime:0.000018s ]
INFO: [ app_init ] --END-- [ RunTime:0.000362s ]
ERR: 无法加载模块:Testproxy

[ 2016-03-07T06:36:28+08:00 ] 107.151.226.242 http://domkrim.com/av.php
INFO: [ app_init ] --START--
INFO: Run Behavior\BuildLiteBehavior [ RunTime:0.000019s ]
INFO: [ app_init ] --END-- [ RunTime:0.000394s ]
ERR: 无法加载模块:Av

[ 2016-03-07T06:47:49+08:00 ] 115.173.87.236 /ipc$
INFO: [ app_init ] --START--
INFO: Run Behavior\BuildLiteBehavior [ RunTime:0.000020s ]
INFO: [ app_init ] --END-- [ RunTime:0.000373s ]
ERR: 无法加载模块:Ipc$

[ 2016-03-07T10:16:54+08:00 ] 89.248.160.132 /xmlrpc.php
INFO: [ app_init ] --START--
INFO: Run Behavior\BuildLiteBehavior [ RunTime:0.000018s ]
INFO: [ app_init ] --END-- [ RunTime:0.000366s ]
ERR: 无法加载模块:Xmlrpc

[ 2016-03-07T11:12:28+08:00 ] 107.151.226.242 http://domkrim.com/av.php
INFO: [ app_init ] --START--
INFO: Run Behavior\BuildLiteBehavior [ RunTime:0.000021s ]
INFO: [ app_init ] --END-- [ RunTime:0.000385s ]
ERR: 无法加载模块:Av

[ 2016-03-07T11:50:01+08:00 ] 223.208.46.224 /ipc$
INFO: [ app_init ] --START--
INFO: Run Behavior\BuildLiteBehavior [ RunTime:0.000018s ]
INFO: [ app_init ] --END-- [ RunTime:0.000377s ]
ERR: 无法加载模块:Ipc$

[ 2016-03-07T12:04:29+08:00 ] 107.151.226.242 http://proxyworld.perso.sfr.fr/azenv.php
INFO: [ app_init ] --START--
INFO: Run Behavior\BuildLiteBehavior [ RunTime:0.000021s ]
INFO: [ app_init ] --END-- [ RunTime:0.000416s ]
ERR: 无法加载模块:Azenv

[ 2016-03-07T12:07:54+08:00 ] 107.151.226.242 http://proxyworld.perso.sfr.fr/azenv.php
INFO: [ app_init ] --START--
INFO: Run Behavior\BuildLiteBehavior [ RunTime:0.000018s ]
INFO: [ app_init ] --END-- [ RunTime:0.000372s ]
ERR: 无法加载模块:Azenv

[ 2016-03-07T13:09:48+08:00 ] 107.151.226.242 http://www.proxy-listen.de/azenv.php
INFO: [ app_init ] --START--
INFO: Run Behavior\BuildLiteBehavior [ RunTime:0.000018s ]
INFO: [ app_init ] --END-- [ RunTime:0.000367s ]
ERR: 无法加载模块:Azenv

[ 2016-03-07T13:11:49+08:00 ] 107.151.226.242 http://proxyworld.perso.sfr.fr/azenv.php
INFO: [ app_init ] --START--
INFO: Run Behavior\BuildLiteBehavior [ RunTime:0.000019s ]
INFO: [ app_init ] --END-- [ RunTime:0.000393s ]
ERR: 无法加载模块:Azenv

[ 2016-03-07T14:37:47+08:00 ] 185.103.252.12 /wp-login.php
INFO: [ app_init ] --START--
INFO: Run Behavior\BuildLiteBehavior [ RunTime:0.000018s ]
INFO: [ app_init ] --END-- [ RunTime:0.000364s ]
ERR: 无法加载模块:Wp-login

[ 2016-03-07T14:49:49+08:00 ] 107.151.226.242 http://domkrim.com/av.php
INFO: [ app_init ] --START--
INFO: Run Behavior\BuildLiteBehavior [ RunTime:0.000019s ]
INFO: [ app_init ] --END-- [ RunTime:0.000365s ]
ERR: 无法加载模块:Av

[ 2016-03-07T15:25:58+08:00 ] 107.151.226.242 http://proxyworld.perso.sfr.fr/azenv.php
INFO: [ app_init ] --START--
INFO: Run Behavior\BuildLiteBehavior [ RunTime:0.000018s ]
INFO: [ app_init ] --END-- [ RunTime:0.000362s ]
ERR: 无法加载模块:Azenv

[ 2016-03-07T15:28:26+08:00 ] 107.151.226.242 http://domkrim.com/av.php
INFO: [ app_init ] --START--
INFO: Run Behavior\BuildLiteBehavior [ RunTime:0.000018s ]
INFO: [ app_init ] --END-- [ RunTime:0.000363s ]
ERR: 无法加载模块:Av

[ 2016-03-07T16:00:46+08:00 ] 107.151.226.242 http://www.mojeip.net.pl/asdfa/azenv.pl
INFO: [ app_init ] --START--
INFO: Run Behavior\BuildLiteBehavior [ RunTime:0.000025s ]
INFO: [ app_init ] --END-- [ RunTime:0.000422s ]
ERR: 无法加载模块:Asdfa

[ 2016-03-07T16:26:04+08:00 ] 213.246.45.128 http://www.baidu.com/cache/global/img/gs.gif
INFO: [ app_init ] --START--
INFO: Run Behavior\BuildLiteBehavior [ RunTime:0.000021s ]
INFO: [ app_init ] --END-- [ RunTime:0.000384s ]
ERR: 无法加载模块:Cache

[ 2016-03-07T19:12:49+08:00 ] 185.49.14.190 http://testp1.piwo.pila.pl/testproxy.php
INFO: [ app_init ] --START--
INFO: Run Behavior\BuildLiteBehavior [ RunTime:0.000018s ]
INFO: [ app_init ] --END-- [ RunTime:0.000373s ]
ERR: 无法加载模块:Testproxy

[ 2016-03-07T20:29:54+08:00 ] 107.151.226.242 http://www.mesregies.com/azz.php
INFO: [ app_init ] --START--
INFO: Run Behavior\BuildLiteBehavior [ RunTime:0.000020s ]
INFO: [ app_init ] --END-- [ RunTime:0.000408s ]
ERR: 无法加载模块:Azz

[ 2016-03-07T21:09:10+08:00 ] 107.151.226.242 http://www.proxy-listen.de/azenv.php
INFO: [ app_init ] --START--
INFO: Run Behavior\BuildLiteBehavior [ RunTime:0.000018s ]
INFO: [ app_init ] --END-- [ RunTime:0.000365s ]
ERR: 无法加载模块:Azenv

[ 2016-03-07T21:29:24+08:00 ] 185.25.148.240 http://testp4.pospr.waw.pl/testproxy.php
INFO: [ app_init ] --START--
INFO: Run Behavior\BuildLiteBehavior [ RunTime:0.000020s ]
INFO: [ app_init ] --END-- [ RunTime:0.000370s ]
ERR: 无法加载模块:Testproxy

[ 2016-03-07T22:18:39+08:00 ] 107.151.226.242 http://www.proxyjudge.info/azenv.php
INFO: [ app_init ] --START--
INFO: Run Behavior\BuildLiteBehavior [ RunTime:0.000018s ]
INFO: [ app_init ] --END-- [ RunTime:0.000369s ]
ERR: 无法加载模块:Azenv

[ 2016-03-07T23:06:32+08:00 ] 107.151.226.242 http://www.mesregies.com/azz.php
INFO: [ app_init ] --START--
INFO: Run Behavior\BuildLiteBehavior [ RunTime:0.000017s ]
INFO: [ app_init ] --END-- [ RunTime:0.000361s ]
ERR: 无法加载模块:Azz

